<?xml version="1.0" encoding="UTF-8"?>
<!-- Generated by org.testng.reporters.JUnitXMLReporter -->
<testsuite hostname="Kowsiya" ignored="4" name="Default test(failed)(failed)" tests="2" failures="0" timestamp="2022-01-05T09:09:25 IST" time="0.075" errors="0">
  <testcase name="gmailLogIn" time="0.011" classname="youtube.TestNGDemo"/>
  <testcase name="composeEmail" time="0.002" classname="youtube.TestNGDemo"/>
  <testcase name="sentItems" time="0.0" classname="youtube.TestNGDemo">
    <ignored/>
  </testcase> <!-- sentItems -->
  <testcase name="gmailInbox" time="0.0" classname="youtube.TestNGDemo">
    <ignored/>
  </testcase> <!-- gmailInbox -->
  <testcase name="gmailLogOut" time="0.0" classname="youtube.TestNGDemo">
    <ignored/>
  </testcase> <!-- gmailLogOut -->
  <testcase name="gmailDraft" time="0.0" classname="youtube.TestNGDemo">
    <ignored/>
  </testcase> <!-- gmailDraft -->
</testsuite> <!-- Default test(failed)(failed) -->
