<?xml version="1.0" encoding="UTF-8"?>
<!-- Generated by org.testng.reporters.JUnitXMLReporter -->
<testsuite hostname="Kowsiya" ignored="0" name="Test" tests="8" failures="0" timestamp="2022-01-06T10:05:02 IST" time="81.037" errors="0">
  <testcase name="gmailLogin" time="4.597" classname="youtube.GmailTNG"/>
  <testcase name="yahooLogin" time="3.576" classname="youtube.GmailTNG"/>
  <testcase name="bingLogin" time="2.171" classname="youtube.GmailTNG"/>
  <testcase name="faceBookLogin" time="21.674" classname="youtube.GmailTNG"/>
  <testcase name="googleLaunch" time="3.131" classname="youtube.GmailTNG"/>
  <testcase name="twitterLogin" time="3.549" classname="youtube.GmailTNG"/>
  <testcase name="amazonLogin" time="7.009" classname="youtube.GmailTNG"/>
  <testcase name="flipKartLogin" time="6.763" classname="youtube.GmailTNG"/>
</testsuite> <!-- Test -->
