<?xml version="1.0" encoding="UTF-8"?>
<!-- Generated by org.testng.reporters.JUnitXMLReporter -->
<testsuite hostname="Kowsiya" ignored="0" name="Test" tests="8" failures="0" timestamp="2022-01-06T10:08:54 IST" time="232.501" errors="0">
  <testcase name="gmailLogin" time="3.795" classname="youtube.GmailTNG"/>
  <testcase name="yahooLogin" time="8.49" classname="youtube.GmailTNG"/>
  <testcase name="bingLogin" time="3.561" classname="youtube.GmailTNG"/>
  <testcase name="faceBookLogin" time="13.084" classname="youtube.GmailTNG"/>
  <testcase name="googleLaunch" time="14.273" classname="youtube.GmailTNG"/>
  <testcase name="twitterLogin" time="4.303" classname="youtube.GmailTNG"/>
  <testcase name="amazonLogin" time="31.594" classname="youtube.GmailTNG"/>
  <testcase name="flipKartLogin" time="25.725" classname="youtube.GmailTNG"/>
</testsuite> <!-- Test -->
