<?xml version="1.0" encoding="UTF-8"?>
<!-- Generated by org.testng.reporters.JUnitXMLReporter -->
<testsuite hostname="Kowsiya" ignored="4" name="Default test(failed)" tests="2" failures="1" timestamp="2022-01-05T09:09:04 IST" time="0.107" errors="0">
  <testcase name="gmailLogIn" time="0.013" classname="youtube.TestNGDemo">
    <failure type="java.lang.ArithmeticException" message="/ by zero">
      <![CDATA[java.lang.ArithmeticException: / by zero
at youtube.TestNGDemo.gmailLogIn(TestNGDemo.java:10)
at java.util.ArrayList.forEach(ArrayList.java:1259)
... Removed 27 stack frames]]>
    </failure>
  </testcase> <!-- gmailLogIn -->
  <testcase name="composeEmail" time="0.001" classname="youtube.TestNGDemo">
    <skipped/>
  </testcase> <!-- composeEmail -->
  <testcase name="sentItems" time="0.0" classname="youtube.TestNGDemo">
    <ignored/>
  </testcase> <!-- sentItems -->
  <testcase name="gmailInbox" time="0.0" classname="youtube.TestNGDemo">
    <ignored/>
  </testcase> <!-- gmailInbox -->
  <testcase name="gmailLogOut" time="0.0" classname="youtube.TestNGDemo">
    <ignored/>
  </testcase> <!-- gmailLogOut -->
  <testcase name="gmailDraft" time="0.0" classname="youtube.TestNGDemo">
    <ignored/>
  </testcase> <!-- gmailDraft -->
</testsuite> <!-- Default test(failed) -->
